<?xml version="1.0" encoding="UTF-8"?>
<!-- Generated by org.testng.reporters.JUnitReportReporter -->
<testsuite ignored="0" hostname="Dexi-Ybarra" failures="0" tests="1" name="NewTest" time="0.071" errors="0" timestamp="19 jun. 2021 16:05:15 GMT" skipped="0">
  <testcase classname="NewTest" name="f" time="0.071"/>
</testsuite> <!-- NewTest -->
